[INFO] Disabling enhanced local repository: using legacy is strongly discouraged to ensure build reproducibility.
[INFO] Scanning for projects...
[WARNING] The POM for org.osgi:org.osgi.core:jar:4.1.0 is missing, no dependency information available
[WARNING] The POM for org.codehaus.plexus:plexus-utils:jar:3.0 is missing, no dependency information available
[WARNING] The POM for org.apache.maven:maven-project:jar:2.2.0 is missing, no dependency information available
[WARNING] The POM for org.codehaus.plexus:plexus-utils:jar:1.5.7 is missing, no dependency information available
[WARNING] The POM for org.codehaus.plexus:plexus-classworlds:jar:1.2-alpha-9 is missing, no dependency information available
[WARNING] The POM for org.codehaus.plexus:plexus-container-default:jar:1.0-alpha-20 is missing, no dependency information available
[WARNING] The POM for commons-collections:commons-collections:jar:3.1 is missing, no dependency information available
[INFO] 
[INFO] ---------< org.example.esb_webservice.service:EmployeeService >---------
[INFO] Building ESB_WEBSERVICE EmployeeService-0.1.0 (0.1,Jobs) Bundle 0.1.0
[INFO] -------------------------------[ bundle ]-------------------------------
[WARNING] The POM for aopalliance:aopalliance:jar:1.0 is missing, no dependency information available
[WARNING] The POM for commons-collections:commons-collections:jar:3.2.2 is missing, no dependency information available
[WARNING] The POM for org.apache.commons:commons-lang3:jar:3.8.1 is missing, no dependency information available
[WARNING] The POM for org.apache.cxf:cxf-core:jar:3.3.4 is missing, no dependency information available
[WARNING] The POM for org.apache.cxf:cxf-rt-bindings-soap:jar:3.3.4 is missing, no dependency information available
[WARNING] The POM for org.apache.cxf:cxf-rt-databinding-jaxb:jar:3.3.4 is missing, no dependency information available
[WARNING] The POM for org.apache.cxf:cxf-rt-security:jar:3.3.4 is missing, no dependency information available
[WARNING] The POM for org.apache.cxf:cxf-rt-transports-http:jar:3.3.4 is missing, no dependency information available
[WARNING] The POM for org.apache.cxf:cxf-rt-wsdl:jar:3.3.4 is missing, no dependency information available
[WARNING] The POM for org.dom4j:dom4j:jar:2.1.1 is missing, no dependency information available
[WARNING] The POM for com.google.guava:guava:jar:20.0 is missing, no dependency information available
[WARNING] The POM for com.sun.activation:javax.activation:jar:1.2.0 is missing, no dependency information available
[WARNING] The POM for javax.annotation:javax.annotation-api:jar:1.3 is missing, no dependency information available
[WARNING] The POM for javax.ws.rs:javax.ws.rs-api:jar:2.1 is missing, no dependency information available
[WARNING] The POM for org.apache.logging.log4j:log4j-api:jar:2.12.1 is missing, no dependency information available
[WARNING] The POM for org.apache.logging.log4j:log4j-core:jar:2.12.1 is missing, no dependency information available
[WARNING] The POM for org.apache.logging.log4j:log4j-slf4j-impl:jar:2.12.1 is missing, no dependency information available
[WARNING] The POM for org.apache.neethi:neethi:jar:3.1.1 is missing, no dependency information available
[INFO] 
[INFO] --- maven-resources-plugin:3.0.2:resources (default-resources) @ EmployeeService ---
[INFO] Using 'UTF-8' encoding to copy filtered resources.
[INFO] Copying 1 resource
[INFO] 
[INFO] --- maven-compiler-plugin:3.6.1:compile (default-compile) @ EmployeeService ---
[WARNING] The POM for org.eclipse.platform:org.eclipse.osgi:jar:3.13.300 is missing, no dependency information available
[WARNING] The POM for org.apache.commons:commons-exec:jar:1.2 is missing, no dependency information available
[INFO] Not compiling main sources
[INFO] 
[INFO] --- maven-resources-plugin:3.0.2:testResources (default-testResources) @ EmployeeService ---
[INFO] Not copying test resources
[INFO] 
[INFO] --- maven-compiler-plugin:3.6.1:testCompile (default-testCompile) @ EmployeeService ---
[INFO] Not compiling test sources
[INFO] 
[INFO] --- maven-surefire-plugin:2.20:test (default-test) @ EmployeeService ---
[INFO] Tests are skipped.
[INFO] 
[INFO] --- maven-bundle-plugin:2.5.3:bundle (default-bundle) @ EmployeeService ---
[WARNING] Bundle org.example.esb_webservice.service:EmployeeService:bundle:0.1.0 : Invalid package name: '@BundleConfigExportPackage@'
[WARNING] Bundle org.example.esb_webservice.service:EmployeeService:bundle:0.1.0 : Invalid package name: '@BundleConfigImportPackage@'
[INFO] 
[INFO] --- maven-assembly-plugin:3.0.0:single (default) @ EmployeeService ---
[INFO] Reading assembly descriptor: D:\git_repo\Talend\workspace\ESB_WEBSERVICE\poms\jobs\process\employeeservice_0.1/src/main/assemblies/assembly.xml
[WARNING] Missing POM for aopalliance:aopalliance:jar:1.0
[WARNING] Missing POM for commons-collections:commons-collections:jar:3.2.2
[WARNING] Missing POM for org.apache.commons:commons-lang3:jar:3.8.1
[WARNING] Missing POM for org.apache.cxf:cxf-core:jar:3.3.4
[WARNING] Missing POM for org.apache.cxf:cxf-rt-bindings-soap:jar:3.3.4
[WARNING] Missing POM for org.apache.cxf:cxf-rt-databinding-jaxb:jar:3.3.4
[WARNING] Missing POM for org.apache.cxf:cxf-rt-security:jar:3.3.4
[WARNING] Missing POM for org.apache.cxf:cxf-rt-transports-http:jar:3.3.4
[WARNING] Missing POM for org.apache.cxf:cxf-rt-wsdl:jar:3.3.4
[WARNING] Missing POM for org.dom4j:dom4j:jar:2.1.1
[WARNING] Missing POM for com.google.guava:guava:jar:20.0
[WARNING] Missing POM for com.sun.activation:javax.activation:jar:1.2.0
[WARNING] Missing POM for javax.annotation:javax.annotation-api:jar:1.3
[WARNING] Missing POM for javax.ws.rs:javax.ws.rs-api:jar:2.1
[WARNING] Missing POM for org.apache.logging.log4j:log4j-api:jar:2.12.1
[WARNING] Missing POM for org.apache.logging.log4j:log4j-core:jar:2.12.1
[WARNING] Missing POM for org.apache.logging.log4j:log4j-slf4j-impl:jar:2.12.1
[WARNING] Missing POM for org.apache.neethi:neethi:jar:3.1.1
[WARNING] The following patterns were never triggered in this artifact inclusion filter:
o  'org.example.esb_webservice.service:EmployeeService:jar:0.1.0'

[INFO] Building jar: D:\git_repo\Talend\workspace\ESB_WEBSERVICE\poms\jobs\process\employeeservice_0.1\target\EmployeeService-bundle-0.1.0.jar
[INFO] ------------------------------------------------------------------------
[INFO] BUILD SUCCESS
[INFO] ------------------------------------------------------------------------
[INFO] Total time: 2.152 s
[INFO] Finished at: 2023-11-09T12:14:04+01:00
[INFO] ------------------------------------------------------------------------
