[INFO] Disabling enhanced local repository: using legacy is strongly discouraged to ensure build reproducibility.
[INFO] Scanning for projects...
[INFO] 
[INFO] --< org.example.formation_talend.job:Alimentation_Table_Base_Donnees >--
[INFO] Building FORMATION_TALEND Alimentation_Table_Base_Donnees-0.1.0 (0.1,Jobs) 0.1.0
[INFO] --------------------------------[ jar ]---------------------------------
[WARNING] The POM for commons-collections:commons-collections:jar:3.2.2 is missing, no dependency information available
[WARNING] The POM for org.dom4j:dom4j:jar:2.1.1 is missing, no dependency information available
[WARNING] The POM for org.apache.logging.log4j:log4j-api:jar:2.12.1 is missing, no dependency information available
[WARNING] The POM for org.apache.logging.log4j:log4j-core:jar:2.12.1 is missing, no dependency information available
[WARNING] The POM for org.apache.logging.log4j:log4j-slf4j-impl:jar:2.12.1 is missing, no dependency information available
[INFO] 
[INFO] --- maven-resources-plugin:3.0.2:resources (default-resources) @ Alimentation_Table_Base_Donnees ---
[WARNING] Using platform encoding (UTF-8 actually) to copy filtered resources, i.e. build is platform dependent!
[INFO] Copying 4 resources
[INFO] 
[INFO] --- maven-compiler-plugin:3.6.1:compile (default-compile) @ Alimentation_Table_Base_Donnees ---
[WARNING] The POM for org.eclipse.platform:org.eclipse.osgi:jar:3.13.300 is missing, no dependency information available
[WARNING] The POM for org.apache.commons:commons-exec:jar:1.2 is missing, no dependency information available
[INFO] Not compiling main sources
[INFO] 
[INFO] --- maven-resources-plugin:3.0.2:testResources (default-testResources) @ Alimentation_Table_Base_Donnees ---
[INFO] Not copying test resources
[INFO] 
[INFO] --- maven-compiler-plugin:3.6.1:testCompile (default-testCompile) @ Alimentation_Table_Base_Donnees ---
[INFO] Not compiling test sources
[INFO] 
[INFO] --- maven-surefire-plugin:2.20:test (default-test) @ Alimentation_Table_Base_Donnees ---
[INFO] Tests are skipped.
[INFO] 
[INFO] --- maven-jar-plugin:3.0.2:jar (default-jar) @ Alimentation_Table_Base_Donnees ---
[INFO] Building jar: C:\Users\menan\OneDrive\Bureau\workspace_talend\FORMATION_TALEND\poms\jobs\process\UTILISATION_BASES_DONNEES\alimentation_table_base_donnees_0.1\target\alimentation_table_base_donnees_0_1.jar
[INFO] 
[INFO] --- maven-assembly-plugin:3.0.0:single (default) @ Alimentation_Table_Base_Donnees ---
[INFO] Reading assembly descriptor: C:\Users\menan\OneDrive\Bureau\workspace_talend\FORMATION_TALEND\poms\jobs\process\UTILISATION_BASES_DONNEES\alimentation_table_base_donnees_0.1/src/main/assemblies/assembly.xml
[WARNING] Missing POM for commons-collections:commons-collections:jar:3.2.2
[WARNING] Missing POM for org.dom4j:dom4j:jar:2.1.1
[WARNING] Missing POM for org.apache.logging.log4j:log4j-api:jar:2.12.1
[WARNING] Missing POM for org.apache.logging.log4j:log4j-core:jar:2.12.1
[WARNING] Missing POM for org.apache.logging.log4j:log4j-slf4j-impl:jar:2.12.1
[INFO] Building zip: C:\Users\menan\OneDrive\Bureau\workspace_talend\FORMATION_TALEND\poms\jobs\process\UTILISATION_BASES_DONNEES\alimentation_table_base_donnees_0.1\target\alimentation_table_base_donnees_0_1.zip
[INFO] ------------------------------------------------------------------------
[INFO] BUILD SUCCESS
[INFO] ------------------------------------------------------------------------
[INFO] Total time: 1.320 s
[INFO] Finished at: 2022-10-16T00:10:08+02:00
[INFO] ------------------------------------------------------------------------
